------------------------------------CPUTEST------------------------------------

DIAGNOSTICS II V1.2 - CPU TEST
COPYRIGHT (C) 1981 - SUPERSOFT ASSOCIATES

ABCDEFGHIJKLMNOPQRSTUVWXYZ
CPU IS 8080/8085
BEGIN TIMING TEST
END TIMING TEST

CPU FAILED:
ERROR COUNT 0001H

INSTRUCTION SEQUENCE WAS 040000H
REGISTER f CONTAINS 12H
BUT SHOULD CONTAIN 02H
REGISTER VALUE BEFORE INSTRUCTION SEQUENCE WAS 16H
TEST NUMBER  000BH

thread 'si_arcade::cpu::tests::cpu_test_rom_cputest' panicked at 'assertion failed: `(left == right)`
  left: `253103165`,
 right: `255653383`', src\si_arcade\cpu.rs:430:9
note: run with `RUST_BACKTRACE=1` environment variable to display a backtrace

---- si_arcade::cpu::tests::cpu_test_rom_8080exm stdout ----
------------------------------------8080EXM------------------------------------
8080 instruction exerciser
dad <b,d,h,sp>................  ERROR **** crc expected:14474ba6 found:33b6a681
aluop nn......................  ERROR **** crc expected:9e922f9e found:843e73fe
aluop <b,c,d,e,h,l,m,a>.......  ERROR **** crc expected:cf762c86 found:49014050
<daa,cma,stc,cmc>.............  ERROR **** crc expected:bb3f030c found:bf1ed617
<inr,dcr> a...................  ERROR **** crc expected:adb6460e found:14092049
<inr,dcr> b...................  ERROR **** crc expected:83ed1345 found:371db5d4
<inx,dcx> b...................  ERROR **** crc expected:f79287cd found:eb7d1a2b
<inr,dcr> c...................  ERROR **** crc expected:e5f6721b found:8c6c773e
<inr,dcr> d...................  ERROR **** crc expected:15b5579a found:5be78b7b
<inx,dcx> d...................  ERROR **** crc expected:7f4e2501 found:63a1b8e7
<inr,dcr> e...................  ERROR **** crc expected:cf2ab396 found:b5bac221
<inr,dcr> h...................  ERROR **** crc expected:12b2952c found:8e18ba13
<inx,dcx> h...................  ERROR **** crc expected:9f2b23c0 found:83c4be26
<inr,dcr> l...................  ERROR **** crc expected:ff57d356 found:3d8b576c
<inr,dcr> m...................  ERROR **** crc expected:92e963bd found:e66ffeb5
<inx,dcx> sp..................  ERROR **** crc expected:d5702fab found:c99fb24d
lhld nnnn.....................  ERROR **** crc expected:a9c3d5cb found:6d1eeb35
shld nnnn.....................  ERROR **** crc expected:e8864f26 found:2c5b71d8
lxi <b,d,h,sp>,nnnn...........  PASS! crc is:fcf46e12
ldax <b,d>....................  ERROR **** crc expected:2b821d5f found:06cfc034
mvi <b,c,d,e,h,l,m,a>,nn......  PASS! crc is:eaa72044
mov <bcdehla>,<bcdehla>.......  ERROR **** crc expected:10b58cee found:dfe39de0
sta nnnn / lda nnnn...........  ERROR **** crc expected:ed57af72 found:c01a7219
<rlc,rrc,ral,rar>.............  ERROR **** crc expected:e0d89235 found:4bae6af9
stax <b,d>....................  ERROR **** crc expected:2b0471e9 found:b726a433
Tests completethread 'si_arcade::cpu::tests::cpu_test_rom_8080exm' panicked at 'assertion failed: `(left == right)`
  left: `23803541922`,
 right: `23803381171`', src\si_arcade\cpu.rs:430:9


failures:
    si_arcade::cpu::tests::cpu_test_rom_8080exm
    si_arcade::cpu::tests::cpu_test_rom_cputest

test result: FAILED. 2 passed; 2 failed; 0 ignored; 0 measured; 0 filtered out; finished in 560.27s

error: test failed, to rerun pass '--bin space_invaders_arcade_emulator'
PS E:\Perso\Developpement\Programmes\Programmes\Rust\space_invaders_arcade_emulator>
